#
# There is insufficient memory for the Java Runtime Environment to continue.
# Native memory allocation (mmap) failed to map 109051904 bytes for G1 virtual space
# Possible reasons:
#   The system is out of physical RAM or swap space
#   The process is running with CompressedOops enabled, and the Java Heap may be blocking the growth of the native heap
# Possible solutions:
#   Reduce memory load on the system
#   Increase physical memory or swap space
#   Check if swap backing store is full
#   Decrease Java heap size (-Xmx/-Xms)
#   Decrease number of Java threads
#   Decrease Java thread stack sizes (-Xss)
#   Set larger code cache with -XX:ReservedCodeCacheSize=
#   JVM is running with Zero Based Compressed Oops mode in which the Java heap is
#     placed in the first 32GB address space. The Java Heap base address is the
#     maximum limit for the native heap growth. Please use -XX:HeapBaseMinAddress
#     to set the Java Heap base and to place the Java Heap above 32GB virtual address.
# This output file may be truncated or incomplete.
#
#  Out of Memory Error (os_windows.cpp:3528), pid=12536, tid=13624
#
# JRE version: Java(TM) SE Runtime Environment (20.0.1+9) (build 20.0.1+9-29)
# Java VM: Java HotSpot(TM) 64-Bit Server VM (20.0.1+9-29, mixed mode, sharing, tiered, compressed oops, compressed class ptrs, g1 gc, windows-amd64)
# No core dump will be written. Minidumps are not enabled by default on client versions of Windows
#

---------------  S U M M A R Y ------------

Command Line: -javaagent:C:\Program Files\JetBrains\IntelliJ IDEA 2023.2\lib\idea_rt.jar=52294:C:\Program Files\JetBrains\IntelliJ IDEA 2023.2\bin -Dfile.encoding=UTF-8 -Dsun.stdout.encoding=UTF-8 -Dsun.stderr.encoding=UTF-8 Cours2.Demo_JFrame

Host: Intel(R) Core(TM) i9-10900 CPU @ 2.80GHz, 20 cores, 31G,  Windows 10 , 64 bit Build 19041 (10.0.19041.3393)
Time: Wed Nov  1 14:12:37 2023 Est (heure d, 64 bit Build 19041 (10.0.19041.3393) elapsed time: 372.755174 seconds (0d 0h 6m 12s)

---------------  T H R E A D  ---------------

Current thread (0x0000022eff9a6010):  VMThread "VM Thread" [stack: 0x00000035ceb00000,0x00000035cec00000] [id=13624]

Stack: [0x00000035ceb00000,0x00000035cec00000]
Native frames: (J=compiled Java code, j=interpreted, Vv=VM code, C=native code)
V  [jvm.dll+0x6bb95a]
V  [jvm.dll+0x8485fa]
V  [jvm.dll+0x84a1f5]
V  [jvm.dll+0x84a8f3]
V  [jvm.dll+0x280b0f]
V  [jvm.dll+0x6b86e9]
V  [jvm.dll+0x6ad2da]
V  [jvm.dll+0x35adf5]
V  [jvm.dll+0x363016]
V  [jvm.dll+0x3b3b3e]
V  [jvm.dll+0x3b3dc5]
V  [jvm.dll+0x32b50a]
V  [jvm.dll+0x32b5b7]
V  [jvm.dll+0x373942]
V  [jvm.dll+0x372140]
V  [jvm.dll+0x32ac51]
V  [jvm.dll+0x371b58]
V  [jvm.dll+0x85023e]
V  [jvm.dll+0x851351]
V  [jvm.dll+0x851859]
V  [jvm.dll+0x851ad3]
V  [jvm.dll+0x7f4b56]
V  [jvm.dll+0x6ba5cb]
C  [ucrtbase.dll+0x21bb2]
C  [KERNEL32.DLL+0x17344]
C  [ntdll.dll+0x526b1]

VM_Operation (0x00000035cfffdaf8): G1TryInitiateConcMark, mode: safepoint, requested by thread 0x0000022ea828a890


---------------  P R O C E S S  ---------------

Threads class SMR info:
_java_thread_list=0x0000022ea83b4fe0, length=17, elements={
0x0000022ea78491a0, 0x0000022ea7849ea0, 0x0000022ea784b000, 0x0000022ea784fa70,
0x0000022ea78523c0, 0x0000022ea7876210, 0x0000022ea7876e80, 0x0000022ea7881820,
0x0000022eff990340, 0x0000022ea7a2cea0, 0x0000022ea7a2d3f0, 0x0000022ea7db0230,
0x0000022ea7db4700, 0x0000022ea7db83a0, 0x0000022ea828a890, 0x0000022ea82888b0,
0x0000022ea828a340
}

Java Threads: ( => current thread )
  0x0000022ea78491a0 JavaThread "Reference Handler" daemon [_thread_blocked, id=14308, stack(0x00000035cec00000,0x00000035ced00000)]
  0x0000022ea7849ea0 JavaThread "Finalizer" daemon [_thread_blocked, id=5636, stack(0x00000035ced00000,0x00000035cee00000)]
  0x0000022ea784b000 JavaThread "Signal Dispatcher" daemon [_thread_blocked, id=13112, stack(0x00000035cee00000,0x00000035cef00000)]
  0x0000022ea784fa70 JavaThread "Attach Listener" daemon [_thread_blocked, id=1452, stack(0x00000035cef00000,0x00000035cf000000)]
  0x0000022ea78523c0 JavaThread "Service Thread" daemon [_thread_blocked, id=14184, stack(0x00000035cf000000,0x00000035cf100000)]
  0x0000022ea7876210 JavaThread "Monitor Deflation Thread" daemon [_thread_blocked, id=19528, stack(0x00000035cf100000,0x00000035cf200000)]
  0x0000022ea7876e80 JavaThread "C2 CompilerThread0" daemon [_thread_blocked, id=7184, stack(0x00000035cf200000,0x00000035cf300000)]
  0x0000022ea7881820 JavaThread "C1 CompilerThread0" daemon [_thread_blocked, id=12120, stack(0x00000035cf300000,0x00000035cf400000)]
  0x0000022eff990340 JavaThread "Common-Cleaner" daemon [_thread_blocked, id=10616, stack(0x00000035cf400000,0x00000035cf500000)]
  0x0000022ea7a2cea0 JavaThread "Monitor Ctrl-Break" daemon [_thread_in_native, id=19116, stack(0x00000035cf700000,0x00000035cf800000)]
  0x0000022ea7a2d3f0 JavaThread "Notification Thread" daemon [_thread_blocked, id=14884, stack(0x00000035cf800000,0x00000035cf900000)]
  0x0000022ea7db0230 JavaThread "Java2D Disposer" daemon [_thread_blocked, id=2212, stack(0x00000035cfa00000,0x00000035cfb00000)]
  0x0000022ea7db4700 JavaThread "AWT-Shutdown" [_thread_blocked, id=15592, stack(0x00000035cfb00000,0x00000035cfc00000)]
  0x0000022ea7db83a0 JavaThread "AWT-Windows" daemon [_thread_in_native, id=2652, stack(0x00000035cfc00000,0x00000035cfd00000)]
  0x0000022ea828a890 JavaThread "AWT-EventQueue-0" [_thread_blocked, id=11336, stack(0x00000035cff00000,0x00000035d0000000)]
  0x0000022ea82888b0 JavaThread "D3D Screen Updater" daemon [_thread_blocked, id=3064, stack(0x00000035d0000000,0x00000035d0100000)]
  0x0000022ea828a340 JavaThread "DestroyJavaVM" [_thread_blocked, id=2292, stack(0x00000035ce500000,0x00000035ce600000)]

Other Threads:
=>0x0000022eff9a6010 VMThread "VM Thread" [stack: 0x00000035ceb00000,0x00000035cec00000] [id=13624]
  0x0000022ea7a942c0 WatcherThread "VM Periodic Task Thread" [stack: 0x00000035cf900000,0x00000035cfa00000] [id=19624]
  0x0000022efd8aecc0 WorkerThread "GC Thread#0" [stack: 0x00000035ce600000,0x00000035ce700000] [id=12016]
  0x0000022eaed2c430 WorkerThread "GC Thread#1" [stack: 0x00000035cf600000,0x00000035cf700000] [id=2388]
  0x0000022eaed2c9d0 WorkerThread "GC Thread#2" [stack: 0x00000035d0120000,0x00000035d0220000] [id=19168]
  0x0000022eaed2cf70 WorkerThread "GC Thread#3" [stack: 0x00000035d0220000,0x00000035d0320000] [id=18820]
  0x0000022eaed2d240 WorkerThread "GC Thread#4" [stack: 0x00000035d0320000,0x00000035d0420000] [id=12532]
  0x0000022ea8560420 WorkerThread "GC Thread#5" [stack: 0x00000035d0420000,0x00000035d0520000] [id=15492]
  0x0000022ea8561230 WorkerThread "GC Thread#6" [stack: 0x00000035d0520000,0x00000035d0620000] [id=7132]
  0x0000022ea855eda0 WorkerThread "GC Thread#7" [stack: 0x00000035d0620000,0x00000035d0720000] [id=13316]
  0x0000022eaf53ad00 WorkerThread "GC Thread#8" [stack: 0x00000035d0720000,0x00000035d0820000] [id=12980]
  0x0000022eaf53afd0 WorkerThread "GC Thread#9" [stack: 0x00000035d0820000,0x00000035d0920000] [id=10320]
  0x0000022eaf539c20 WorkerThread "GC Thread#10" [stack: 0x00000035d0920000,0x00000035d0a20000] [id=19760]
  0x0000022eaf5374c0 WorkerThread "GC Thread#11" [stack: 0x00000035d0a20000,0x00000035d0b20000] [id=10640]
  0x0000022eaf5385a0 WorkerThread "GC Thread#12" [stack: 0x00000035d0b20000,0x00000035d0c20000] [id=4660]
  0x0000022eaf539950 WorkerThread "GC Thread#13" [stack: 0x00000035d0c20000,0x00000035d0d20000] [id=3404]
  0x0000022eaf538b40 WorkerThread "GC Thread#14" [stack: 0x00000035d0d20000,0x00000035d0e20000] [id=12920]
  0x0000022efd8bfb40 ConcurrentGCThread "G1 Main Marker" [stack: 0x00000035ce700000,0x00000035ce800000] [id=9368]
  0x0000022efd8c0d10 WorkerThread "G1 Conc#0" [stack: 0x00000035ce800000,0x00000035ce900000] [id=18940]
  0x0000022eff863690 ConcurrentGCThread "G1 Refine#0" [stack: 0x00000035ce900000,0x00000035cea00000] [id=20028]
  0x0000022eff864130 ConcurrentGCThread "G1 Service" [stack: 0x00000035cea00000,0x00000035ceb00000] [id=5184]

Threads with active compile tasks:

VM state: at safepoint (normal execution)

VM Mutex/Monitor currently owned by a thread:  ([mutex/lock_event])
[0x0000022efd7f8790] Threads_lock - owner thread: 0x0000022eff9a6010
[0x0000022efd7f9120] Heap_lock - owner thread: 0x0000022ea828a890

Heap address: 0x0000000604400000, size: 8124 MB, Compressed Oops mode: Zero based, Oop shift amount: 3

CDS archive(s) mapped at: [0x0000000800000000-0x0000000800c60000-0x0000000800c60000), size 12976128, SharedBaseAddress: 0x0000000800000000, ArchiveRelocationMode: 0.
Compressed class space mapped at: 0x0000000801000000-0x0000000841000000, reserved size: 1073741824
Narrow klass base: 0x0000000800000000, Narrow klass shift: 0, Narrow klass range: 0x100000000

GC Precious Log:
 CardTable entry size: 512
 Card Set container configuration: InlinePtr #cards 4 size 8 Array Of Cards #cards 32 size 80 Howl #buckets 8 coarsen threshold 7372 Howl Bitmap #cards 1024 size 144 coarsen threshold 921 Card regions per heap region 1 cards per card region 8192
 CPUs: 20 total, 20 available
 Memory: 32485M
 Large Page Support: Disabled
 NUMA Support: Disabled
 Compressed Oops: Enabled (Zero based)
 Heap Region Size: 4M
 Heap Min Capacity: 8M
 Heap Initial Capacity: 508M
 Heap Max Capacity: 8124M
 Pre-touch: Disabled
 Parallel Workers: 15
 Concurrent Workers: 4
 Concurrent Refinement Workers: 15
 Periodic GC: Disabled

Heap:
 garbage-first heap   total 520192K, used 153859K [0x0000000604400000, 0x0000000800000000)
  region size 4096K, 2 young (8192K), 2 survivors (8192K)
 Metaspace       used 7424K, committed 7744K, reserved 1114112K
  class space    used 680K, committed 832K, reserved 1048576K

Heap Regions: E=young(eden), S=young(survivor), O=old, HS=humongous(starts), HC=humongous(continues), CS=collection set, F=free, OA=open archive, CA=closed archive, TAMS=top-at-mark-start, PB=parsable bottom
|   0|0x0000000604400000, 0x0000000604800000, 0x0000000604800000|100%| O|  |TAMS 0x0000000604800000| PB 0x0000000604400000| Untracked 
|   1|0x0000000604800000, 0x0000000604c00000, 0x0000000604c00000|100%| O|  |TAMS 0x0000000604c00000| PB 0x0000000604800000| Untracked 
|   2|0x0000000604c00000, 0x0000000605000000, 0x0000000605000000|100%| O|  |TAMS 0x0000000605000000| PB 0x0000000604c00000| Untracked 
|   3|0x0000000605000000, 0x0000000605400000, 0x0000000605400000|100%| O|  |TAMS 0x0000000605400000| PB 0x0000000605000000| Untracked 
|   4|0x0000000605400000, 0x0000000605800000, 0x0000000605800000|100%| O|  |TAMS 0x0000000605800000| PB 0x0000000605400000| Untracked 
|   5|0x0000000605800000, 0x0000000605c00000, 0x0000000605c00000|100%| O|  |TAMS 0x0000000605c00000| PB 0x0000000605800000| Untracked 
|   6|0x0000000605c00000, 0x0000000606000000, 0x0000000606000000|100%| O|  |TAMS 0x0000000606000000| PB 0x0000000605c00000| Untracked 
|   7|0x0000000606000000, 0x0000000606400000, 0x0000000606400000|100%| O|  |TAMS 0x0000000606400000| PB 0x0000000606000000| Untracked 
|   8|0x0000000606400000, 0x0000000606800000, 0x0000000606800000|100%| O|  |TAMS 0x0000000606800000| PB 0x0000000606400000| Untracked 
|   9|0x0000000606800000, 0x0000000606c00000, 0x0000000606c00000|100%| O|  |TAMS 0x0000000606c00000| PB 0x0000000606800000| Untracked 
|  10|0x0000000606c00000, 0x0000000607000000, 0x0000000607000000|100%| O|  |TAMS 0x0000000607000000| PB 0x0000000606c00000| Untracked 
|  11|0x0000000607000000, 0x0000000607400000, 0x0000000607400000|100%| O|  |TAMS 0x0000000607400000| PB 0x0000000607000000| Untracked 
|  12|0x0000000607400000, 0x0000000607800000, 0x0000000607800000|100%| O|  |TAMS 0x0000000607800000| PB 0x0000000607400000| Untracked 
|  13|0x0000000607800000, 0x0000000607c00000, 0x0000000607c00000|100%| O|  |TAMS 0x0000000607c00000| PB 0x0000000607800000| Untracked 
|  14|0x0000000607c00000, 0x0000000608000000, 0x0000000608000000|100%| O|  |TAMS 0x0000000608000000| PB 0x0000000607c00000| Untracked 
|  15|0x0000000608000000, 0x0000000608400000, 0x0000000608400000|100%|HS|  |TAMS 0x0000000608400000| PB 0x0000000608000000| Complete 
|  16|0x0000000608400000, 0x0000000608800000, 0x0000000608800000|100%|HC|  |TAMS 0x0000000608800000| PB 0x0000000608400000| Complete 
|  17|0x0000000608800000, 0x0000000608c00000, 0x0000000608c00000|100%| O|  |TAMS 0x0000000608c00000| PB 0x0000000608800000| Untracked 
|  18|0x0000000608c00000, 0x0000000609000000, 0x0000000609000000|100%| O|  |TAMS 0x0000000609000000| PB 0x0000000608c00000| Untracked 
|  19|0x0000000609000000, 0x0000000609400000, 0x0000000609400000|100%| O|  |TAMS 0x0000000609400000| PB 0x0000000609000000| Untracked 
|  20|0x0000000609400000, 0x0000000609800000, 0x0000000609800000|100%| O|  |TAMS 0x0000000609800000| PB 0x0000000609400000| Untracked 
|  21|0x0000000609800000, 0x0000000609c00000, 0x0000000609c00000|100%| O|  |TAMS 0x0000000609c00000| PB 0x0000000609800000| Untracked 
|  22|0x0000000609c00000, 0x0000000609dda200, 0x000000060a000000| 46%| O|  |TAMS 0x0000000609dda200| PB 0x0000000609c00000| Untracked 
|  23|0x000000060a000000, 0x000000060a400000, 0x000000060a400000|100%|HS|  |TAMS 0x000000060a400000| PB 0x000000060a000000| Complete 
|  24|0x000000060a400000, 0x000000060a800000, 0x000000060a800000|100%|HC|  |TAMS 0x000000060a800000| PB 0x000000060a400000| Complete 
|  25|0x000000060a800000, 0x000000060ac00000, 0x000000060ac00000|100%|HC|  |TAMS 0x000000060ac00000| PB 0x000000060a800000| Complete 
|  26|0x000000060ac00000, 0x000000060b000000, 0x000000060b000000|100%|HS|  |TAMS 0x000000060b000000| PB 0x000000060ac00000| Complete 
|  27|0x000000060b000000, 0x000000060b400000, 0x000000060b400000|100%|HC|  |TAMS 0x000000060b400000| PB 0x000000060b000000| Complete 
|  28|0x000000060b400000, 0x000000060b800000, 0x000000060b800000|100%|HC|  |TAMS 0x000000060b800000| PB 0x000000060b400000| Complete 
|  29|0x000000060b800000, 0x000000060bc00000, 0x000000060bc00000|100%|HS|  |TAMS 0x000000060bc00000| PB 0x000000060b800000| Complete 
|  30|0x000000060bc00000, 0x000000060c000000, 0x000000060c000000|100%|HC|  |TAMS 0x000000060c000000| PB 0x000000060bc00000| Complete 
|  31|0x000000060c000000, 0x000000060c400000, 0x000000060c400000|100%|HS|  |TAMS 0x000000060c400000| PB 0x000000060c000000| Complete 
|  32|0x000000060c400000, 0x000000060c800000, 0x000000060c800000|100%|HC|  |TAMS 0x000000060c800000| PB 0x000000060c400000| Complete 
|  33|0x000000060c800000, 0x000000060cc00000, 0x000000060cc00000|100%|HC|  |TAMS 0x000000060cc00000| PB 0x000000060c800000| Complete 
|  34|0x000000060cc00000, 0x000000060d000000, 0x000000060d000000|100%|HS|  |TAMS 0x000000060d000000| PB 0x000000060cc00000| Complete 
|  35|0x000000060d000000, 0x000000060d000000, 0x000000060d400000|  0%| F|  |TAMS 0x000000060d000000| PB 0x000000060d000000| Untracked 
|  36|0x000000060d400000, 0x000000060d400000, 0x000000060d800000|  0%| F|  |TAMS 0x000000060d400000| PB 0x000000060d400000| Untracked 
|  37|0x000000060d800000, 0x000000060d800000, 0x000000060dc00000|  0%| F|  |TAMS 0x000000060d800000| PB 0x000000060d800000| Untracked 
|  38|0x000000060dc00000, 0x000000060dc00000, 0x000000060e000000|  0%| F|  |TAMS 0x000000060dc00000| PB 0x000000060dc00000| Untracked 
|  39|0x000000060e000000, 0x000000060e000000, 0x000000060e400000|  0%| F|  |TAMS 0x000000060e000000| PB 0x000000060e000000| Untracked 
|  40|0x000000060e400000, 0x000000060e400000, 0x000000060e800000|  0%| F|  |TAMS 0x000000060e400000| PB 0x000000060e400000| Untracked 
|  41|0x000000060e800000, 0x000000060e800000, 0x000000060ec00000|  0%| F|  |TAMS 0x000000060e800000| PB 0x000000060e800000| Untracked 
|  42|0x000000060ec00000, 0x000000060ec00000, 0x000000060f000000|  0%| F|  |TAMS 0x000000060ec00000| PB 0x000000060ec00000| Untracked 
|  43|0x000000060f000000, 0x000000060f000000, 0x000000060f400000|  0%| F|  |TAMS 0x000000060f000000| PB 0x000000060f000000| Untracked 
|  44|0x000000060f400000, 0x000000060f400000, 0x000000060f800000|  0%| F|  |TAMS 0x000000060f400000| PB 0x000000060f400000| Untracked 
|  45|0x000000060f800000, 0x000000060f800000, 0x000000060fc00000|  0%| F|  |TAMS 0x000000060f800000| PB 0x000000060f800000| Untracked 
|  46|0x000000060fc00000, 0x000000060fc00000, 0x0000000610000000|  0%| F|  |TAMS 0x000000060fc00000| PB 0x000000060fc00000| Untracked 
|  47|0x0000000610000000, 0x0000000610000000, 0x0000000610400000|  0%| F|  |TAMS 0x0000000610000000| PB 0x0000000610000000| Untracked 
|  48|0x0000000610400000, 0x0000000610400000, 0x0000000610800000|  0%| F|  |TAMS 0x0000000610400000| PB 0x0000000610400000| Untracked 
|  49|0x0000000610800000, 0x0000000610800000, 0x0000000610c00000|  0%| F|  |TAMS 0x0000000610800000| PB 0x0000000610800000| Untracked 
|  50|0x0000000610c00000, 0x0000000610c00000, 0x0000000611000000|  0%| F|  |TAMS 0x0000000610c00000| PB 0x0000000610c00000| Untracked 
|  51|0x0000000611000000, 0x0000000611000000, 0x0000000611400000|  0%| F|  |TAMS 0x0000000611000000| PB 0x0000000611000000| Untracked 
|  52|0x0000000611400000, 0x0000000611400000, 0x0000000611800000|  0%| F|  |TAMS 0x0000000611400000| PB 0x0000000611400000| Untracked 
|  53|0x0000000611800000, 0x0000000611800000, 0x0000000611c00000|  0%| F|  |TAMS 0x0000000611800000| PB 0x0000000611800000| Untracked 
|  54|0x0000000611c00000, 0x0000000611c00000, 0x0000000612000000|  0%| F|  |TAMS 0x0000000611c00000| PB 0x0000000611c00000| Untracked 
|  55|0x0000000612000000, 0x0000000612400000, 0x0000000612400000|100%|HS|  |TAMS 0x0000000612400000| PB 0x0000000612000000| Complete 
|  56|0x0000000612400000, 0x0000000612800000, 0x0000000612800000|100%|HC|  |TAMS 0x0000000612800000| PB 0x0000000612400000| Complete 
|  57|0x0000000612800000, 0x0000000612800000, 0x0000000612c00000|  0%| F|  |TAMS 0x0000000612800000| PB 0x0000000612800000| Untracked 
|  58|0x0000000612c00000, 0x0000000612c00000, 0x0000000613000000|  0%| F|  |TAMS 0x0000000612c00000| PB 0x0000000612c00000| Untracked 
|  59|0x0000000613000000, 0x0000000613000000, 0x0000000613400000|  0%| F|  |TAMS 0x0000000613000000| PB 0x0000000613000000| Untracked 
|  60|0x0000000613400000, 0x0000000613400000, 0x0000000613800000|  0%| F|  |TAMS 0x0000000613400000| PB 0x0000000613400000| Untracked 
|  61|0x0000000613800000, 0x0000000613800000, 0x0000000613c00000|  0%| F|  |TAMS 0x0000000613800000| PB 0x0000000613800000| Untracked 
|  62|0x0000000613c00000, 0x0000000613c00000, 0x0000000614000000|  0%| F|  |TAMS 0x0000000613c00000| PB 0x0000000613c00000| Untracked 
|  63|0x0000000614000000, 0x0000000614000000, 0x0000000614400000|  0%| F|  |TAMS 0x0000000614000000| PB 0x0000000614000000| Untracked 
|  64|0x0000000614400000, 0x0000000614400000, 0x0000000614800000|  0%| F|  |TAMS 0x0000000614400000| PB 0x0000000614400000| Untracked 
|  65|0x0000000614800000, 0x0000000614800000, 0x0000000614c00000|  0%| F|  |TAMS 0x0000000614800000| PB 0x0000000614800000| Untracked 
|  66|0x0000000614c00000, 0x0000000614c00000, 0x0000000615000000|  0%| F|  |TAMS 0x0000000614c00000| PB 0x0000000614c00000| Untracked 
|  67|0x0000000615000000, 0x0000000615000000, 0x0000000615400000|  0%| F|  |TAMS 0x0000000615000000| PB 0x0000000615000000| Untracked 
|  68|0x0000000615400000, 0x0000000615400000, 0x0000000615800000|  0%| F|  |TAMS 0x0000000615400000| PB 0x0000000615400000| Untracked 
|  69|0x0000000615800000, 0x0000000615800000, 0x0000000615c00000|  0%| F|  |TAMS 0x0000000615800000| PB 0x0000000615800000| Untracked 
|  70|0x0000000615c00000, 0x0000000615c00000, 0x0000000616000000|  0%| F|  |TAMS 0x0000000615c00000| PB 0x0000000615c00000| Untracked 
|  71|0x0000000616000000, 0x0000000616000000, 0x0000000616400000|  0%| F|  |TAMS 0x0000000616000000| PB 0x0000000616000000| Untracked 
|  72|0x0000000616400000, 0x0000000616400000, 0x0000000616800000|  0%| F|  |TAMS 0x0000000616400000| PB 0x0000000616400000| Untracked 
|  73|0x0000000616800000, 0x0000000616800000, 0x0000000616c00000|  0%| F|  |TAMS 0x0000000616800000| PB 0x0000000616800000| Untracked 
|  74|0x0000000616c00000, 0x0000000616c00000, 0x0000000617000000|  0%| F|  |TAMS 0x0000000616c00000| PB 0x0000000616c00000| Untracked 
|  75|0x0000000617000000, 0x0000000617000000, 0x0000000617400000|  0%| F|  |TAMS 0x0000000617000000| PB 0x0000000617000000| Untracked 
|  76|0x0000000617400000, 0x0000000617400000, 0x0000000617800000|  0%| F|  |TAMS 0x0000000617400000| PB 0x0000000617400000| Untracked 
|  77|0x0000000617800000, 0x0000000617800000, 0x0000000617c00000|  0%| F|  |TAMS 0x0000000617800000| PB 0x0000000617800000| Untracked 
|  78|0x0000000617c00000, 0x0000000617c00000, 0x0000000618000000|  0%| F|  |TAMS 0x0000000617c00000| PB 0x0000000617c00000| Untracked 
|  79|0x0000000618000000, 0x0000000618000000, 0x0000000618400000|  0%| F|  |TAMS 0x0000000618000000| PB 0x0000000618000000| Untracked 
|  80|0x0000000618400000, 0x0000000618400000, 0x0000000618800000|  0%| F|  |TAMS 0x0000000618400000| PB 0x0000000618400000| Untracked 
|  81|0x0000000618800000, 0x0000000618800000, 0x0000000618c00000|  0%| F|  |TAMS 0x0000000618800000| PB 0x0000000618800000| Untracked 
|  82|0x0000000618c00000, 0x0000000618c00000, 0x0000000619000000|  0%| F|  |TAMS 0x0000000618c00000| PB 0x0000000618c00000| Untracked 
|  83|0x0000000619000000, 0x0000000619000000, 0x0000000619400000|  0%| F|  |TAMS 0x0000000619000000| PB 0x0000000619000000| Untracked 
|  84|0x0000000619400000, 0x0000000619400000, 0x0000000619800000|  0%| F|  |TAMS 0x0000000619400000| PB 0x0000000619400000| Untracked 
|  85|0x0000000619800000, 0x0000000619800000, 0x0000000619c00000|  0%| F|  |TAMS 0x0000000619800000| PB 0x0000000619800000| Untracked 
|  86|0x0000000619c00000, 0x0000000619c00000, 0x000000061a000000|  0%| F|  |TAMS 0x0000000619c00000| PB 0x0000000619c00000| Untracked 
|  87|0x000000061a000000, 0x000000061a000000, 0x000000061a400000|  0%| F|  |TAMS 0x000000061a000000| PB 0x000000061a000000| Untracked 
|  88|0x000000061a400000, 0x000000061a400000, 0x000000061a800000|  0%| F|  |TAMS 0x000000061a400000| PB 0x000000061a400000| Untracked 
|  89|0x000000061a800000, 0x000000061a800000, 0x000000061ac00000|  0%| F|  |TAMS 0x000000061a800000| PB 0x000000061a800000| Untracked 
|  90|0x000000061ac00000, 0x000000061ac00000, 0x000000061b000000|  0%| F|  |TAMS 0x000000061ac00000| PB 0x000000061ac00000| Untracked 
|  91|0x000000061b000000, 0x000000061b000000, 0x000000061b400000|  0%| F|  |TAMS 0x000000061b000000| PB 0x000000061b000000| Untracked 
|  92|0x000000061b400000, 0x000000061b400000, 0x000000061b800000|  0%| F|  |TAMS 0x000000061b400000| PB 0x000000061b400000| Untracked 
|  93|0x000000061b800000, 0x000000061b800000, 0x000000061bc00000|  0%| F|  |TAMS 0x000000061b800000| PB 0x000000061b800000| Untracked 
|  94|0x000000061bc00000, 0x000000061bc00000, 0x000000061c000000|  0%| F|  |TAMS 0x000000061bc00000| PB 0x000000061bc00000| Untracked 
|  95|0x000000061c000000, 0x000000061c000000, 0x000000061c400000|  0%| F|  |TAMS 0x000000061c000000| PB 0x000000061c000000| Untracked 
|  96|0x000000061c400000, 0x000000061c400000, 0x000000061c800000|  0%| F|  |TAMS 0x000000061c400000| PB 0x000000061c400000| Untracked 
|  97|0x000000061c800000, 0x000000061c800000, 0x000000061cc00000|  0%| F|  |TAMS 0x000000061c800000| PB 0x000000061c800000| Untracked 
|  98|0x000000061cc00000, 0x000000061cc00000, 0x000000061d000000|  0%| F|  |TAMS 0x000000061cc00000| PB 0x000000061cc00000| Untracked 
|  99|0x000000061d000000, 0x000000061d000000, 0x000000061d400000|  0%| F|  |TAMS 0x000000061d000000| PB 0x000000061d000000| Untracked 
| 100|0x000000061d400000, 0x000000061d400000, 0x000000061d800000|  0%| F|  |TAMS 0x000000061d400000| PB 0x000000061d400000| Untracked 
| 101|0x000000061d800000, 0x000000061d800000, 0x000000061dc00000|  0%| F|  |TAMS 0x000000061d800000| PB 0x000000061d800000| Untracked 
| 102|0x000000061dc00000, 0x000000061dc00000, 0x000000061e000000|  0%| F|  |TAMS 0x000000061dc00000| PB 0x000000061dc00000| Untracked 
| 103|0x000000061e000000, 0x000000061e000000, 0x000000061e400000|  0%| F|  |TAMS 0x000000061e000000| PB 0x000000061e000000| Untracked 
| 104|0x000000061e400000, 0x000000061e400000, 0x000000061e800000|  0%| F|  |TAMS 0x000000061e400000| PB 0x000000061e400000| Untracked 
| 105|0x000000061e800000, 0x000000061e800000, 0x000000061ec00000|  0%| F|  |TAMS 0x000000061e800000| PB 0x000000061e800000| Untracked 
| 106|0x000000061ec00000, 0x000000061ec00000, 0x000000061f000000|  0%| F|  |TAMS 0x000000061ec00000| PB 0x000000061ec00000| Untracked 
| 107|0x000000061f000000, 0x000000061f000000, 0x000000061f400000|  0%| F|  |TAMS 0x000000061f000000| PB 0x000000061f000000| Untracked 
| 108|0x000000061f400000, 0x000000061f400000, 0x000000061f800000|  0%| F|  |TAMS 0x000000061f400000| PB 0x000000061f400000| Untracked 
| 109|0x000000061f800000, 0x000000061f800000, 0x000000061fc00000|  0%| F|  |TAMS 0x000000061f800000| PB 0x000000061f800000| Untracked 
| 110|0x000000061fc00000, 0x000000061fc00000, 0x0000000620000000|  0%| F|  |TAMS 0x000000061fc00000| PB 0x000000061fc00000| Untracked 
| 111|0x0000000620000000, 0x0000000620000000, 0x0000000620400000|  0%| F|  |TAMS 0x0000000620000000| PB 0x0000000620000000| Untracked 
| 112|0x0000000620400000, 0x0000000620400000, 0x0000000620800000|  0%| F|  |TAMS 0x0000000620400000| PB 0x0000000620400000| Untracked 
| 113|0x0000000620800000, 0x0000000620800000, 0x0000000620c00000|  0%| F|  |TAMS 0x0000000620800000| PB 0x0000000620800000| Untracked 
| 114|0x0000000620c00000, 0x0000000620c00000, 0x0000000621000000|  0%| F|  |TAMS 0x0000000620c00000| PB 0x0000000620c00000| Untracked 
| 115|0x0000000621000000, 0x0000000621000000, 0x0000000621400000|  0%| F|  |TAMS 0x0000000621000000| PB 0x0000000621000000| Untracked 
| 116|0x0000000621400000, 0x0000000621400000, 0x0000000621800000|  0%| F|  |TAMS 0x0000000621400000| PB 0x0000000621400000| Untracked 
| 117|0x0000000621800000, 0x0000000621800000, 0x0000000621c00000|  0%| F|  |TAMS 0x0000000621800000| PB 0x0000000621800000| Untracked 
| 118|0x0000000621c00000, 0x0000000621c00000, 0x0000000622000000|  0%| F|  |TAMS 0x0000000621c00000| PB 0x0000000621c00000| Untracked 
| 119|0x0000000622000000, 0x0000000622000000, 0x0000000622400000|  0%| F|  |TAMS 0x0000000622000000| PB 0x0000000622000000| Untracked 
| 120|0x0000000622400000, 0x0000000622400000, 0x0000000622800000|  0%| F|  |TAMS 0x0000000622400000| PB 0x0000000622400000| Untracked 
| 121|0x0000000622800000, 0x0000000622800000, 0x0000000622c00000|  0%| F|  |TAMS 0x0000000622800000| PB 0x0000000622800000| Untracked 
| 122|0x0000000622c00000, 0x0000000622c66c90, 0x0000000623000000| 10%| S|CS|TAMS 0x0000000622c00000| PB 0x0000000622c00000| Complete 
| 123|0x0000000623000000, 0x0000000623400000, 0x0000000623400000|100%| S|CS|TAMS 0x0000000623000000| PB 0x0000000623000000| Complete 
| 124|0x0000000623400000, 0x0000000623400000, 0x0000000623800000|  0%| F|  |TAMS 0x0000000623400000| PB 0x0000000623400000| Untracked 
| 125|0x0000000623800000, 0x0000000623800000, 0x0000000623c00000|  0%| F|  |TAMS 0x0000000623800000| PB 0x0000000623800000| Untracked 
| 126|0x0000000623c00000, 0x0000000623c00000, 0x0000000624000000|  0%| F|  |TAMS 0x0000000623c00000| PB 0x0000000623c00000| Untracked 

Card table byte_map: [0x0000022e96ff0000,0x0000022e97fd0000] _byte_map_base: 0x0000022e93fce000

Marking Bits: (CMBitMap*) 0x0000022efd8af2f0
 Bits: [0x0000022e98fb0000, 0x0000022ea0ea0000)

Polling page: 0x0000022efcfd0000

Metaspace:

Usage:
  Non-class:      6.59 MB used.
      Class:    680.07 KB used.
       Both:      7.25 MB used.

Virtual space:
  Non-class space:       64.00 MB reserved,       6.75 MB ( 11%) committed,  1 nodes.
      Class space:        1.00 GB reserved,     832.00 KB ( <1%) committed,  1 nodes.
             Both:        1.06 GB reserved,       7.56 MB ( <1%) committed. 

Chunk freelists:
   Non-Class:  1023.00 KB
       Class:  3.23 MB
        Both:  4.23 MB

MaxMetaspaceSize: unlimited
CompressedClassSpaceSize: 1.00 GB
Initial GC threshold: 21.00 MB
Current GC threshold: 21.00 MB
CDS: on
MetaspaceReclaimPolicy: balanced
 - commit_granule_bytes: 65536.
 - commit_granule_words: 8192.
 - virtual_space_node_default_size: 8388608.
 - enlarge_chunks_in_place: 1.
 - new_chunks_are_fully_committed: 0.
 - uncommit_free_chunks: 1.
 - use_allocation_guard: 0.


Internal statistics:

num_allocs_failed_limit: 0.
num_arena_births: 162.
num_arena_deaths: 0.
num_vsnodes_births: 2.
num_vsnodes_deaths: 0.
num_space_committed: 121.
num_space_uncommitted: 0.
num_chunks_returned_to_freelist: 0.
num_chunks_taken_from_freelist: 211.
num_chunk_merges: 0.
num_chunk_splits: 122.
num_chunks_enlarged: 46.
num_inconsistent_stats: 0.

CodeHeap 'non-profiled nmethods': size=119168Kb used=2004Kb max_used=2004Kb free=117163Kb
 bounds [0x0000022e8fb90000, 0x0000022e8fe00000, 0x0000022e96ff0000]
CodeHeap 'profiled nmethods': size=119104Kb used=4651Kb max_used=4651Kb free=114452Kb
 bounds [0x0000022e87ff0000, 0x0000022e88480000, 0x0000022e8f440000]
CodeHeap 'non-nmethods': size=7488Kb used=1578Kb max_used=3295Kb free=5909Kb
 bounds [0x0000022e8f440000, 0x0000022e8f790000, 0x0000022e8fb90000]
 total_blobs=3200 nmethods=2609 adapters=501
 compilation: enabled
              stopped_count=0, restarted_count=0
 full_count=0

Compilation events (20 events):
Event: 372.659 Thread 0x0000022ea7881820 2600       3       java.lang.Exception::<init> (6 bytes)
Event: 372.660 Thread 0x0000022ea7881820 nmethod 2600 0x0000022e88478810 code [0x0000022e884789c0, 0x0000022e88478e10]
Event: 372.663 Thread 0x0000022ea7881820 2601       1       java.awt.image.SinglePixelPackedSampleModel::getNumDataElements (2 bytes)
Event: 372.663 Thread 0x0000022ea7881820 nmethod 2601 0x0000022e8fd84a90 code [0x0000022e8fd84c00, 0x0000022e8fd84cc8]
Event: 372.664 Thread 0x0000022ea7881820 2602       3       sun.java2d.InvalidPipeException::<init> (6 bytes)
Event: 372.664 Thread 0x0000022ea7881820 nmethod 2602 0x0000022e88478f10 code [0x0000022e884790c0, 0x0000022e88479308]
Event: 372.664 Thread 0x0000022ea7881820 2603       3       java.lang.IllegalStateException::<init> (6 bytes)
Event: 372.664 Thread 0x0000022ea7881820 nmethod 2603 0x0000022e88479410 code [0x0000022e884795c0, 0x0000022e884797b0]
Event: 372.664 Thread 0x0000022ea7881820 2604       3       java.lang.RuntimeException::<init> (6 bytes)
Event: 372.665 Thread 0x0000022ea7881820 nmethod 2604 0x0000022e88479890 code [0x0000022e88479a20, 0x0000022e88479bb0]
Event: 372.671 Thread 0x0000022ea7881820 2605       1       java.awt.image.Raster::getSampleModel (5 bytes)
Event: 372.672 Thread 0x0000022ea7881820 nmethod 2605 0x0000022e8fd84d90 code [0x0000022e8fd84f00, 0x0000022e8fd84fd0]
Event: 372.680 Thread 0x0000022ea7881820 2606  s    3       sun.awt.image.BufImgSurfaceData::getDeviceConfiguration (31 bytes)
Event: 372.681 Thread 0x0000022ea7881820 nmethod 2606 0x0000022e88479c90 code [0x0000022e88479e20, 0x0000022e8847a0e0]
Event: 372.681 Thread 0x0000022ea7881820 2607       3       sun.awt.image.BufImgSurfaceData::getBounds (22 bytes)
Event: 372.681 Thread 0x0000022ea7881820 nmethod 2607 0x0000022e8847a190 code [0x0000022e8847a340, 0x0000022e8847a618]
Event: 372.681 Thread 0x0000022ea7881820 2608       3       java.awt.image.BufferedImage::getWidth (8 bytes)
Event: 372.681 Thread 0x0000022ea7881820 nmethod 2608 0x0000022e8847a790 code [0x0000022e8847a920, 0x0000022e8847aa50]
Event: 372.681 Thread 0x0000022ea7881820 2609       3       java.awt.image.BufferedImage::getHeight (8 bytes)
Event: 372.681 Thread 0x0000022ea7881820 nmethod 2609 0x0000022e8847ab10 code [0x0000022e8847aca0, 0x0000022e8847add0]

GC Heap History (20 events):
Event: 45.714 GC heap after
{Heap after GC invocations=2 (full 0):
 garbage-first heap   total 520192K, used 26043K [0x0000000604400000, 0x0000000800000000)
  region size 4096K, 1 young (4096K), 1 survivors (4096K)
 Metaspace       used 7038K, committed 7296K, reserved 1114112K
  class space    used 662K, committed 768K, reserved 1048576K
}
Event: 105.806 GC heap before
{Heap before GC invocations=2 (full 0):
 garbage-first heap   total 520192K, used 46523K [0x0000000604400000, 0x0000000800000000)
  region size 4096K, 6 young (24576K), 1 survivors (4096K)
 Metaspace       used 7041K, committed 7296K, reserved 1114112K
  class space    used 662K, committed 768K, reserved 1048576K
}
Event: 105.833 GC heap after
{Heap after GC invocations=3 (full 0):
 garbage-first heap   total 520192K, used 41678K [0x0000000604400000, 0x0000000800000000)
  region size 4096K, 1 young (4096K), 1 survivors (4096K)
 Metaspace       used 7041K, committed 7296K, reserved 1114112K
  class space    used 662K, committed 768K, reserved 1048576K
}
Event: 238.459 GC heap before
{Heap before GC invocations=3 (full 0):
 garbage-first heap   total 520192K, used 70350K [0x0000000604400000, 0x0000000800000000)
  region size 4096K, 8 young (32768K), 1 survivors (4096K)
 Metaspace       used 7042K, committed 7296K, reserved 1114112K
  class space    used 662K, committed 768K, reserved 1048576K
}
Event: 238.502 GC heap after
{Heap after GC invocations=4 (full 0):
 garbage-first heap   total 520192K, used 64789K [0x0000000604400000, 0x0000000800000000)
  region size 4096K, 1 young (4096K), 1 survivors (4096K)
 Metaspace       used 7042K, committed 7296K, reserved 1114112K
  class space    used 662K, committed 768K, reserved 1048576K
}
Event: 272.107 GC heap before
{Heap before GC invocations=4 (full 0):
 garbage-first heap   total 520192K, used 101653K [0x0000000604400000, 0x0000000800000000)
  region size 4096K, 8 young (32768K), 1 survivors (4096K)
 Metaspace       used 7381K, committed 7680K, reserved 1114112K
  class space    used 680K, committed 832K, reserved 1048576K
}
Event: 272.139 GC heap after
{Heap after GC invocations=5 (full 0):
 garbage-first heap   total 520192K, used 96104K [0x0000000604400000, 0x0000000800000000)
  region size 4096K, 1 young (4096K), 1 survivors (4096K)
 Metaspace       used 7381K, committed 7680K, reserved 1114112K
  class space    used 680K, committed 832K, reserved 1048576K
}
Event: 367.316 GC heap before
{Heap before GC invocations=5 (full 0):
 garbage-first heap   total 520192K, used 198504K [0x0000000604400000, 0x0000000800000000)
  region size 4096K, 11 young (45056K), 1 survivors (4096K)
 Metaspace       used 7413K, committed 7744K, reserved 1114112K
  class space    used 680K, committed 832K, reserved 1048576K
}
Event: 367.384 GC heap after
{Heap after GC invocations=6 (full 0):
 garbage-first heap   total 520192K, used 162185K [0x0000000604400000, 0x0000000800000000)
  region size 4096K, 2 young (8192K), 2 survivors (8192K)
 Metaspace       used 7413K, committed 7744K, reserved 1114112K
  class space    used 680K, committed 832K, reserved 1048576K
}
Event: 372.139 GC heap before
{Heap before GC invocations=6 (full 0):
 garbage-first heap   total 520192K, used 231817K [0x0000000604400000, 0x0000000800000000)
  region size 4096K, 3 young (12288K), 2 survivors (8192K)
 Metaspace       used 7414K, committed 7744K, reserved 1114112K
  class space    used 680K, committed 832K, reserved 1048576K
}
Event: 372.148 GC heap after
{Heap after GC invocations=7 (full 0):
 garbage-first heap   total 520192K, used 166156K [0x0000000604400000, 0x0000000800000000)
  region size 4096K, 2 young (8192K), 2 survivors (8192K)
 Metaspace       used 7414K, committed 7744K, reserved 1114112K
  class space    used 680K, committed 832K, reserved 1048576K
}
Event: 372.333 GC heap before
{Heap before GC invocations=7 (full 0):
 garbage-first heap   total 520192K, used 235788K [0x0000000604400000, 0x0000000800000000)
  region size 4096K, 3 young (12288K), 2 survivors (8192K)
 Metaspace       used 7420K, committed 7744K, reserved 1114112K
  class space    used 680K, committed 832K, reserved 1048576K
}
Event: 372.336 GC heap after
{Heap after GC invocations=8 (full 0):
 garbage-first heap   total 520192K, used 178507K [0x0000000604400000, 0x0000000800000000)
  region size 4096K, 2 young (8192K), 2 survivors (8192K)
 Metaspace       used 7420K, committed 7744K, reserved 1114112K
  class space    used 680K, committed 832K, reserved 1048576K
}
Event: 372.443 GC heap before
{Heap before GC invocations=8 (full 0):
 garbage-first heap   total 520192K, used 235851K [0x0000000604400000, 0x0000000800000000)
  region size 4096K, 3 young (12288K), 2 survivors (8192K)
 Metaspace       used 7420K, committed 7744K, reserved 1114112K
  class space    used 680K, committed 832K, reserved 1048576K
}
Event: 372.446 GC heap after
{Heap after GC invocations=9 (full 0):
 garbage-first heap   total 520192K, used 171452K [0x0000000604400000, 0x0000000800000000)
  region size 4096K, 3 young (12288K), 3 survivors (12288K)
 Metaspace       used 7420K, committed 7744K, reserved 1114112K
  class space    used 680K, committed 832K, reserved 1048576K
}
Event: 372.589 GC heap before
{Heap before GC invocations=9 (full 0):
 garbage-first heap   total 520192K, used 232892K [0x0000000604400000, 0x0000000800000000)
  region size 4096K, 5 young (20480K), 3 survivors (12288K)
 Metaspace       used 7420K, committed 7744K, reserved 1114112K
  class space    used 680K, committed 832K, reserved 1048576K
}
Event: 372.592 GC heap after
{Heap after GC invocations=10 (full 0):
 garbage-first heap   total 520192K, used 153898K [0x0000000604400000, 0x0000000800000000)
  region size 4096K, 2 young (8192K), 2 survivors (8192K)
 Metaspace       used 7420K, committed 7744K, reserved 1114112K
  class space    used 680K, committed 832K, reserved 1048576K
}
Event: 372.668 GC heap before
{Heap before GC invocations=10 (full 0):
 garbage-first heap   total 520192K, used 235818K [0x0000000604400000, 0x0000000800000000)
  region size 4096K, 3 young (12288K), 2 survivors (8192K)
 Metaspace       used 7421K, committed 7744K, reserved 1114112K
  class space    used 680K, committed 832K, reserved 1048576K
}
Event: 372.671 GC heap after
{Heap after GC invocations=11 (full 0):
 garbage-first heap   total 520192K, used 186691K [0x0000000604400000, 0x0000000800000000)
  region size 4096K, 2 young (8192K), 2 survivors (8192K)
 Metaspace       used 7421K, committed 7744K, reserved 1114112K
  class space    used 680K, committed 832K, reserved 1048576K
}
Event: 372.747 GC heap before
{Heap before GC invocations=11 (full 0):
 garbage-first heap   total 520192K, used 235843K [0x0000000604400000, 0x0000000800000000)
  region size 4096K, 3 young (12288K), 2 survivors (8192K)
 Metaspace       used 7424K, committed 7744K, reserved 1114112K
  class space    used 680K, committed 832K, reserved 1048576K
}

Dll operation events (13 events):
Event: 0.007 Loaded shared library C:\Program Files\Java\jdk-20\bin\java.dll
Event: 0.014 Loaded shared library C:\Program Files\Java\jdk-20\bin\jsvml.dll
Event: 0.050 Loaded shared library C:\Program Files\Java\jdk-20\bin\zip.dll
Event: 0.052 Loaded shared library C:\Program Files\Java\jdk-20\bin\instrument.dll
Event: 0.057 Loaded shared library C:\Program Files\Java\jdk-20\bin\net.dll
Event: 0.059 Loaded shared library C:\Program Files\Java\jdk-20\bin\nio.dll
Event: 0.062 Loaded shared library C:\Program Files\Java\jdk-20\bin\zip.dll
Event: 0.067 Loaded shared library C:\Program Files\JetBrains\IntelliJ IDEA 2023.2\bin\breakgen64.dll
Event: 0.073 Loaded shared library C:\Program Files\Java\jdk-20\bin\extnet.dll
Event: 0.074 Loaded shared library C:\Program Files\Java\jdk-20\bin\jimage.dll
Event: 0.083 Loaded shared library C:\Program Files\Java\jdk-20\bin\awt.dll
Event: 0.285 Loaded shared library C:\Program Files\Java\jdk-20\bin\freetype.dll
Event: 0.286 Loaded shared library C:\Program Files\Java\jdk-20\bin\fontmanager.dll

Deoptimization events (20 events):
Event: 367.650 Thread 0x0000022ea828a890 Uncommon trap: trap_request=0xffffff45 fr.pc=0x0000022e8fcc600c relative=0x00000000000012ac
Event: 367.654 Thread 0x0000022ea828a890 Uncommon trap: reason=unstable_if action=reinterpret pc=0x0000022e8fcc600c method=java.lang.ref.ReferenceQueue.headIsNull()Z @ 4 c2
Event: 367.655 Thread 0x0000022ea828a890 DEOPT PACKING pc=0x0000022e8fcc600c sp=0x00000035cfffe3d0
Event: 367.659 Thread 0x0000022ea828a890 DEOPT UNPACKING pc=0x0000022e8f4a9d22 sp=0x00000035cfffe0d0 mode 2
Event: 367.662 Thread 0x0000022ea828a890 Uncommon trap: trap_request=0xffffff45 fr.pc=0x0000022e8fc7ffec relative=0x000000000000006c
Event: 367.662 Thread 0x0000022ea828a890 Uncommon trap: reason=unstable_if action=reinterpret pc=0x0000022e8fc7ffec method=java.lang.ref.ReferenceQueue.headIsNull()Z @ 4 c2
Event: 367.662 Thread 0x0000022ea828a890 DEOPT PACKING pc=0x0000022e8fc7ffec sp=0x00000035cfffe190
Event: 367.662 Thread 0x0000022ea828a890 DEOPT UNPACKING pc=0x0000022e8f4a9d22 sp=0x00000035cfffe0c0 mode 2
Event: 371.905 Thread 0x0000022ea828a890 Uncommon trap: trap_request=0xffffff45 fr.pc=0x0000022e8fd6beb8 relative=0x0000000000009238
Event: 371.905 Thread 0x0000022ea828a890 Uncommon trap: reason=unstable_if action=reinterpret pc=0x0000022e8fd6beb8 method=sun.awt.image.VolatileSurfaceManager.validate(Ljava/awt/GraphicsConfiguration;)I @ 36 c2
Event: 371.905 Thread 0x0000022ea828a890 DEOPT PACKING pc=0x0000022e8fd6beb8 sp=0x00000035cfffe7d0
Event: 371.905 Thread 0x0000022ea828a890 DEOPT UNPACKING pc=0x0000022e8f4a9d22 sp=0x00000035cfffe5a8 mode 2
Event: 372.222 Thread 0x0000022ea828a890 Uncommon trap: trap_request=0xffffff45 fr.pc=0x0000022e8fc8ecd4 relative=0x00000000000006b4
Event: 372.222 Thread 0x0000022ea828a890 Uncommon trap: reason=unstable_if action=reinterpret pc=0x0000022e8fc8ecd4 method=java.lang.ref.ReferenceQueue.headIsNull()Z @ 4 c2
Event: 372.222 Thread 0x0000022ea828a890 DEOPT PACKING pc=0x0000022e8fc8ecd4 sp=0x00000035cfffe060
Event: 372.222 Thread 0x0000022ea828a890 DEOPT UNPACKING pc=0x0000022e8f4a9d22 sp=0x00000035cfffde48 mode 2
Event: 372.348 Thread 0x0000022ea828a890 Uncommon trap: trap_request=0xffffff45 fr.pc=0x0000022e8fd24120 relative=0x00000000000000a0
Event: 372.348 Thread 0x0000022ea828a890 Uncommon trap: reason=unstable_if action=reinterpret pc=0x0000022e8fd24120 method=java.lang.ref.ReferenceQueue.headIsNull()Z @ 4 c2
Event: 372.348 Thread 0x0000022ea828a890 DEOPT PACKING pc=0x0000022e8fd24120 sp=0x00000035cfffe000
Event: 372.348 Thread 0x0000022ea828a890 DEOPT UNPACKING pc=0x0000022e8f4a9d22 sp=0x00000035cfffde40 mode 2

Classes loaded (20 events):
Event: 271.533 Loading class sun/awt/image/IntegerComponentRaster done
Event: 271.533 Loading class sun/awt/image/IntegerInterleavedRaster done
Event: 271.533 Loading class sun/awt/image/NativeLibLoader
Event: 271.533 Loading class sun/awt/image/NativeLibLoader done
Event: 271.534 Loading class sun/awt/image/NativeLibLoader$1
Event: 271.534 Loading class sun/awt/image/NativeLibLoader$1 done
Event: 271.534 Loading class java/awt/image/BufferedImage
Event: 271.535 Loading class java/awt/image/WritableRenderedImage
Event: 271.535 Loading class java/awt/image/RenderedImage
Event: 271.535 Loading class java/awt/image/RenderedImage done
Event: 271.535 Loading class java/awt/image/WritableRenderedImage done
Event: 271.535 Loading class java/awt/image/BufferedImage done
Event: 271.536 Loading class java/awt/image/BufferedImage$1
Event: 271.536 Loading class java/awt/image/BufferedImage$1 done
Event: 271.536 Loading class sun/awt/image/BufImgSurfaceData
Event: 271.536 Loading class sun/awt/image/BufImgSurfaceData done
Event: 271.536 Loading class sun/awt/image/BufImgSurfaceData$ICMColorData
Event: 271.536 Loading class sun/awt/image/BufImgSurfaceData$ICMColorData done
Event: 271.537 Loading class sun/awt/image/BufferedImageDevice
Event: 271.537 Loading class sun/awt/image/BufferedImageDevice done

Classes unloaded (0 events):
No events

Classes redefined (0 events):
No events

Internal exceptions (18 events):
Event: 0.062 Thread 0x0000022efd7fc0d0 Exception <a 'java/lang/NoSuchMethodError'{0x0000000623f99980}: 'void java.lang.invoke.DirectMethodHandle$Holder.invokeStatic(java.lang.Object, java.lang.Object, java.lang.Object)'> (0x0000000623f99980) 
thrown [s\open\src\hotspot\share\interpreter\linkResolver.cpp, line 773]
Event: 0.065 Thread 0x0000022efd7fc0d0 Exception <a 'java/lang/NoSuchMethodError'{0x0000000623fb0e88}: 'java.lang.Object java.lang.invoke.Invokers$Holder.invokeExact_MT(java.lang.Object, java.lang.Object, java.lang.Object, java.lang.Object, java.lang.Object)'> (0x0000000623fb0e88) 
thrown [s\open\src\hotspot\share\interpreter\linkResolver.cpp, line 773]
Event: 0.074 Thread 0x0000022ea7a2cea0 Exception <a 'java/lang/NoSuchMethodError'{0x0000000623807460}: 'void java.lang.invoke.DirectMethodHandle$Holder.invokeStatic(java.lang.Object, java.lang.Object)'> (0x0000000623807460) 
thrown [s\open\src\hotspot\share\interpreter\linkResolver.cpp, line 773]
Event: 0.077 Thread 0x0000022efd7fc0d0 Exception <a 'java/lang/ClassNotFoundException'{0x0000000623fce270}: sun/awt/resources/spi/awtProvider> (0x0000000623fce270) 
thrown [s\open\src\hotspot\share\classfile\systemDictionary.cpp, line 305]
Event: 0.090 Thread 0x0000022efd7fc0d0 Exception <a 'java/io/FileNotFoundException'{0x00000006238c87b8}> (0x00000006238c87b8) 
thrown [s\open\src\hotspot\share\prims\jni.cpp, line 519]
Event: 0.093 Thread 0x0000022efd7fc0d0 Exception <a 'java/io/FileNotFoundException'{0x00000006238f25a0}> (0x00000006238f25a0) 
thrown [s\open\src\hotspot\share\prims\jni.cpp, line 519]
Event: 0.241 Thread 0x0000022efd7fc0d0 Exception <a 'java/lang/NoSuchMethodError'{0x0000000623a748e0}: 'void java.lang.invoke.DirectMethodHandle$Holder.invokeSpecial(java.lang.Object, java.lang.Object, java.lang.Object)'> (0x0000000623a748e0) 
thrown [s\open\src\hotspot\share\interpreter\linkResolver.cpp, line 773]
Event: 0.246 Thread 0x0000022efd7fc0d0 Exception <a 'java/lang/NoSuchMethodError'{0x0000000623a9ece0}: 'java.lang.Object java.lang.invoke.DirectMethodHandle$Holder.newInvokeSpecial(java.lang.Object, java.lang.Object, java.lang.Object, java.lang.Object, java.lang.Object)'> (0x0000000623a9ece0) 
thrown [s\open\src\hotspot\share\interpreter\linkResolver.cpp, line 773]
Event: 0.249 Thread 0x0000022efd7fc0d0 Exception <a 'java/lang/NoSuchMethodError'{0x0000000623acf388}: 'java.lang.Object java.lang.invoke.DirectMethodHandle$Holder.invokeStatic(java.lang.Object, int, java.lang.Object)'> (0x0000000623acf388) 
thrown [s\open\src\hotspot\share\interpreter\linkResolver.cpp, line 773]
Event: 0.263 Thread 0x0000022efd7fc0d0 Exception <a 'java/lang/ClassNotFoundException'{0x0000000623b8a3c0}: com/sun/swing/internal/plaf/metal/resources/spi/metalProvider> (0x0000000623b8a3c0) 
thrown [s\open\src\hotspot\share\classfile\systemDictionary.cpp, line 305]
Event: 0.264 Thread 0x0000022efd7fc0d0 Exception <a 'java/lang/ClassNotFoundException'{0x0000000623b8e2d0}: com/sun/swing/internal/plaf/basic/resources/spi/basicProvider> (0x0000000623b8e2d0) 
thrown [s\open\src\hotspot\share\classfile\systemDictionary.cpp, line 305]
Event: 0.269 Thread 0x0000022efd7fc0d0 Exception <a 'java/lang/NoSuchMethodError'{0x0000000623baa3b8}: 'int java.lang.invoke.Invokers$Holder.invokeExact_MT(java.lang.Object, java.lang.Object)'> (0x0000000623baa3b8) 
thrown [s\open\src\hotspot\share\interpreter\linkResolver.cpp, line 773]
Event: 0.273 Thread 0x0000022ea7db83a0 Exception <a 'java/lang/NoSuchMethodError'{0x00000006239fddd8}: 'void java.lang.invoke.DirectMethodHandle$Holder.invokeVirtual(java.lang.Object, java.lang.Object)'> (0x00000006239fddd8) 
thrown [s\open\src\hotspot\share\interpreter\linkResolver.cpp, line 773]
Event: 0.282 Thread 0x0000022efd7fc0d0 Exception <a 'java/lang/NoSuchMethodError'{0x0000000623bd4118}: 'void java.lang.invoke.DirectMethodHandle$Holder.invokeStaticInit(java.lang.Object)'> (0x0000000623bd4118) 
thrown [s\open\src\hotspot\share\interpreter\linkResolver.cpp, line 773]
Event: 1.046 Thread 0x0000022ea784fa70 Exception <a 'java/lang/NoSuchMethodError'{0x0000000623677438}: 'java.lang.Object java.lang.invoke.Invokers$Holder.invokeExact_MT(java.lang.Object, java.lang.Object, java.lang.Object, java.lang.Object, java.lang.Object, java.lang.Object)'> (0x0000000623677438) 
thrown [s\open\src\hotspot\share\interpreter\linkResolver.cpp, line 773]
Event: 6.898 Thread 0x0000022ea828a890 Implicit null exception at 0x0000022e8fc1a4e0 to 0x0000022e8fc1aadc
Event: 268.608 Thread 0x0000022ea828a340 Implicit null exception at 0x0000022e8fbf2af4 to 0x0000022e8fbf2d18
Event: 371.905 Thread 0x0000022ea828a890 Implicit null exception at 0x0000022e8fd65a2b to 0x0000022e8fd6be04

VM Operations (20 events):
Event: 335.755 Executing VM operation: Cleanup done
Event: 336.763 Executing VM operation: Cleanup
Event: 336.768 Executing VM operation: Cleanup done
Event: 348.856 Executing VM operation: Cleanup
Event: 348.863 Executing VM operation: Cleanup done
Event: 367.309 Executing VM operation: G1CollectForAllocation
Event: 367.385 Executing VM operation: G1CollectForAllocation done
Event: 368.387 Executing VM operation: Cleanup
Event: 368.389 Executing VM operation: Cleanup done
Event: 372.137 Executing VM operation: G1TryInitiateConcMark
Event: 372.148 Executing VM operation: G1TryInitiateConcMark done
Event: 372.333 Executing VM operation: G1TryInitiateConcMark
Event: 372.336 Executing VM operation: G1TryInitiateConcMark done
Event: 372.443 Executing VM operation: G1TryInitiateConcMark
Event: 372.446 Executing VM operation: G1TryInitiateConcMark done
Event: 372.589 Executing VM operation: G1TryInitiateConcMark
Event: 372.592 Executing VM operation: G1TryInitiateConcMark done
Event: 372.668 Executing VM operation: G1TryInitiateConcMark
Event: 372.671 Executing VM operation: G1TryInitiateConcMark done
Event: 372.747 Executing VM operation: G1TryInitiateConcMark

Events (20 events):
Event: 10.889 Thread 0x0000022eaf3fc9b0 Thread added: 0x0000022eaf3fc9b0
Event: 11.738 Thread 0x0000022eaf3fc9b0 Thread exited: 0x0000022eaf3fc9b0
Event: 20.745 Thread 0x0000022ea79282e0 Thread added: 0x0000022ea79282e0
Event: 21.304 Thread 0x0000022ea79282e0 Thread exited: 0x0000022ea79282e0
Event: 37.135 Thread 0x0000022eaf1c2450 Thread added: 0x0000022eaf1c2450
Event: 37.800 Thread 0x0000022eaf1c2450 Thread exited: 0x0000022eaf1c2450
Event: 119.927 Thread 0x0000022ee21aa820 Thread added: 0x0000022ee21aa820
Event: 119.927 Thread 0x0000022ee1de3820 Thread added: 0x0000022ee1de3820
Event: 132.276 Thread 0x0000022ee1de3820 Thread exited: 0x0000022ee1de3820
Event: 139.574 Thread 0x0000022ee21aa820 Thread exited: 0x0000022ee21aa820
Event: 155.622 Thread 0x0000022ee1de3820 Thread added: 0x0000022ee1de3820
Event: 155.625 Thread 0x0000022ea79bb5d0 Thread added: 0x0000022ea79bb5d0
Event: 165.286 Thread 0x0000022ea79bb5d0 Thread exited: 0x0000022ea79bb5d0
Event: 170.288 Thread 0x0000022ee1de3820 Thread exited: 0x0000022ee1de3820
Event: 268.608 Thread 0x0000022efd7fc0d0 Thread exited: 0x0000022efd7fc0d0
Event: 268.608 Thread 0x0000022ea828a340 Thread added: 0x0000022ea828a340
Event: 268.657 Thread 0x0000022eaf503870 Thread added: 0x0000022eaf503870
Event: 269.840 Thread 0x0000022eaf503870 Thread exited: 0x0000022eaf503870
Event: 272.053 Thread 0x0000022ea85650c0 Thread added: 0x0000022ea85650c0
Event: 273.935 Thread 0x0000022ea85650c0 Thread exited: 0x0000022ea85650c0


Dynamic libraries:
0x00007ff6b6cb0000 - 0x00007ff6b6cc0000 	C:\Program Files\Java\jdk-20\bin\java.exe
0x00007ffc39ef0000 - 0x00007ffc3a0e8000 	C:\Windows\SYSTEM32\ntdll.dll
0x00007ffc37ff0000 - 0x00007ffc380ad000 	C:\Windows\System32\KERNEL32.DLL
0x00007ffc377a0000 - 0x00007ffc37a96000 	C:\Windows\System32\KERNELBASE.dll
0x00007ffc37da0000 - 0x00007ffc37ea0000 	C:\Windows\System32\ucrtbase.dll
0x00007ffc1de20000 - 0x00007ffc1de3b000 	C:\Program Files\Java\jdk-20\bin\VCRUNTIME140.dll
0x00007ffc1de00000 - 0x00007ffc1de19000 	C:\Program Files\Java\jdk-20\bin\jli.dll
0x00007ffc39610000 - 0x00007ffc396be000 	C:\Windows\System32\ADVAPI32.dll
0x00007ffc39e10000 - 0x00007ffc39eae000 	C:\Windows\System32\msvcrt.dll
0x00007ffc39bc0000 - 0x00007ffc39c5c000 	C:\Windows\System32\sechost.dll
0x00007ffc39480000 - 0x00007ffc395a6000 	C:\Windows\System32\RPCRT4.dll
0x00007ffc39a20000 - 0x00007ffc39bbe000 	C:\Windows\System32\USER32.dll
0x00007ffc1f4e0000 - 0x00007ffc1f77a000 	C:\Windows\WinSxS\amd64_microsoft.windows.common-controls_6595b64144ccf1df_6.0.19041.1110_none_60b5254171f9507e\COMCTL32.dll
0x00007ffc37ea0000 - 0x00007ffc37ec2000 	C:\Windows\System32\win32u.dll
0x00007ffc38cd0000 - 0x00007ffc38cfc000 	C:\Windows\System32\GDI32.dll
0x00007ffc37b50000 - 0x00007ffc37c6a000 	C:\Windows\System32\gdi32full.dll
0x00007ffc37d00000 - 0x00007ffc37d9d000 	C:\Windows\System32\msvcp_win.dll
0x00007ffc31a30000 - 0x00007ffc31a3a000 	C:\Windows\SYSTEM32\VERSION.dll
0x00007ffc37fc0000 - 0x00007ffc37ff0000 	C:\Windows\System32\IMM32.DLL
0x00007ffc22480000 - 0x00007ffc2248c000 	C:\Program Files\Java\jdk-20\bin\vcruntime140_1.dll
0x00007ffc12260000 - 0x00007ffc122ee000 	C:\Program Files\Java\jdk-20\bin\msvcp140.dll
0x00007ffbb9330000 - 0x00007ffbb9fc7000 	C:\Program Files\Java\jdk-20\bin\server\jvm.dll
0x00007ffc240e0000 - 0x00007ffc24107000 	C:\Windows\SYSTEM32\WINMM.dll
0x00007ffc33a80000 - 0x00007ffc33a89000 	C:\Windows\SYSTEM32\WSOCK32.dll
0x00007ffc38920000 - 0x00007ffc3898b000 	C:\Windows\System32\WS2_32.dll
0x00007ffc35150000 - 0x00007ffc35162000 	C:\Windows\SYSTEM32\kernel.appcore.dll
0x00007ffc22460000 - 0x00007ffc2246a000 	C:\Program Files\Java\jdk-20\bin\jimage.dll
0x00007ffc1b040000 - 0x00007ffc1b224000 	C:\Windows\SYSTEM32\DBGHELP.DLL
0x00007ffc19740000 - 0x00007ffc19774000 	C:\Windows\SYSTEM32\dbgcore.DLL
0x00007ffc37c70000 - 0x00007ffc37cf2000 	C:\Windows\System32\bcryptPrimitives.dll
0x00007ffc1ddf0000 - 0x00007ffc1ddfe000 	C:\Program Files\Java\jdk-20\bin\instrument.dll
0x00007ffc1ddc0000 - 0x00007ffc1dde6000 	C:\Program Files\Java\jdk-20\bin\java.dll
0x00007ffbf18f0000 - 0x00007ffbf19c7000 	C:\Program Files\Java\jdk-20\bin\jsvml.dll
0x00007ffc381d0000 - 0x00007ffc38915000 	C:\Windows\System32\SHELL32.dll
0x00007ffc35350000 - 0x00007ffc35aeb000 	C:\Windows\SYSTEM32\windows.storage.dll
0x00007ffc396c0000 - 0x00007ffc39a14000 	C:\Windows\System32\combase.dll
0x00007ffc36f30000 - 0x00007ffc36f5e000 	C:\Windows\SYSTEM32\Wldp.dll
0x00007ffc392c0000 - 0x00007ffc3936d000 	C:\Windows\System32\SHCORE.dll
0x00007ffc38c70000 - 0x00007ffc38cc5000 	C:\Windows\System32\shlwapi.dll
0x00007ffc37500000 - 0x00007ffc37525000 	C:\Windows\SYSTEM32\profapi.dll
0x00007ffc12240000 - 0x00007ffc12258000 	C:\Program Files\Java\jdk-20\bin\zip.dll
0x00007ffc1dda0000 - 0x00007ffc1ddb3000 	C:\Program Files\Java\jdk-20\bin\net.dll
0x00007ffc36550000 - 0x00007ffc3665a000 	C:\Windows\SYSTEM32\WINHTTP.dll
0x00007ffc36d10000 - 0x00007ffc36d7a000 	C:\Windows\system32\mswsock.dll
0x00007ffc1dc40000 - 0x00007ffc1dc56000 	C:\Program Files\Java\jdk-20\bin\nio.dll
0x00007ffc105d0000 - 0x00007ffc105ea000 	C:\Program Files\JetBrains\IntelliJ IDEA 2023.2\bin\breakgen64.dll
0x00007ffc1dd90000 - 0x00007ffc1dd97000 	C:\Program Files\Java\jdk-20\bin\extnet.dll
0x00007ffbd1a30000 - 0x00007ffbd1bc1000 	C:\Program Files\Java\jdk-20\bin\awt.dll
0x00007ffc38990000 - 0x00007ffc38a5d000 	C:\Windows\System32\OLEAUT32.dll
0x00007ffc34420000 - 0x00007ffc344b1000 	C:\Windows\SYSTEM32\apphelp.dll
0x00007ffc34e60000 - 0x00007ffc34e8f000 	C:\Windows\system32\DWMAPI.DLL
0x00007ffc34c60000 - 0x00007ffc34cfe000 	C:\Windows\system32\uxtheme.dll
0x00007ffc01670000 - 0x00007ffc01795000 	C:\Windows\system32\opengl32.dll
0x00007ffc1fe40000 - 0x00007ffc1fe6c000 	C:\Windows\SYSTEM32\GLU32.dll
0x00007ffc380b0000 - 0x00007ffc381c4000 	C:\Windows\System32\MSCTF.dll
0x00007ffc38a60000 - 0x00007ffc38b8a000 	C:\Windows\System32\ole32.dll
0x00007ffc34a60000 - 0x00007ffc34a72000 	C:\Windows\SysWOW64\LskHook64.dll
0x00007ffbf86e0000 - 0x00007ffbf88ad000 	C:\Windows\system32\d3d9.dll
0x00007ffc2e280000 - 0x00007ffc2e33c000 	C:\Windows\System32\DriverStore\FileRepository\nvmdig.inf_amd64_6444f5939bb26330\nvldumdx.dll
0x00007ffc371a0000 - 0x00007ffc371b2000 	C:\Windows\SYSTEM32\msasn1.dll
0x00007ffc2e5f0000 - 0x00007ffc2e621000 	C:\Windows\SYSTEM32\cryptnet.dll
0x00007ffc37640000 - 0x00007ffc3779e000 	C:\Windows\System32\CRYPT32.dll
0x00007ffc2e090000 - 0x00007ffc2e1d8000 	C:\Windows\SYSTEM32\drvstore.dll
0x00007ffc37360000 - 0x00007ffc37393000 	C:\Windows\SYSTEM32\devobj.dll
0x00007ffc37ed0000 - 0x00007ffc37f1e000 	C:\Windows\System32\cfgmgr32.dll
0x00007ffc36ea0000 - 0x00007ffc36eac000 	C:\Windows\SYSTEM32\cryptbase.dll
0x00007ffc375d0000 - 0x00007ffc37637000 	C:\Windows\System32\wintrust.dll
0x00007ffc38d00000 - 0x00007ffc38d1d000 	C:\Windows\System32\imagehlp.dll
0x00007ffc36f70000 - 0x00007ffc36f88000 	C:\Windows\SYSTEM32\CRYPTSP.dll
0x00007ffc364c0000 - 0x00007ffc364f4000 	C:\Windows\system32\rsaenh.dll
0x00007ffc37f20000 - 0x00007ffc37f47000 	C:\Windows\System32\bcrypt.dll
0x00007ffbd4590000 - 0x00007ffbd771d000 	C:\Windows\System32\DriverStore\FileRepository\nvmdig.inf_amd64_6444f5939bb26330\nvd3dumx.dll
0x00007ffc35f40000 - 0x00007ffc35f63000 	C:\Windows\SYSTEM32\gpapi.dll
0x00007ffc2c200000 - 0x00007ffc2c23b000 	C:\Windows\SYSTEM32\dxcore.dll
0x00007ffbf1860000 - 0x00007ffbf18e6000 	C:\Program Files\Java\jdk-20\bin\freetype.dll
0x00007ffbd4270000 - 0x00007ffbd4336000 	C:\Program Files\Java\jdk-20\bin\fontmanager.dll
0x00007ffc32720000 - 0x00007ffc3281a000 	C:\Windows\SYSTEM32\textinputframework.dll
0x00007ffc341e0000 - 0x00007ffc342d2000 	C:\Windows\System32\CoreMessaging.dll
0x00007ffc33e20000 - 0x00007ffc3417e000 	C:\Windows\System32\CoreUIComponents.dll
0x00007ffc366f0000 - 0x00007ffc36723000 	C:\Windows\SYSTEM32\ntmarta.dll
0x00007ffc33830000 - 0x00007ffc33985000 	C:\Windows\SYSTEM32\wintypes.dll

dbghelp: loaded successfully - version: 4.0.5 - missing functions: none
symbol engine: initialized successfully - sym options: 0x614 - pdb path: .;C:\Program Files\Java\jdk-20\bin;C:\Windows\SYSTEM32;C:\Windows\WinSxS\amd64_microsoft.windows.common-controls_6595b64144ccf1df_6.0.19041.1110_none_60b5254171f9507e;C:\Program Files\Java\jdk-20\bin\server;C:\Program Files\JetBrains\IntelliJ IDEA 2023.2\bin;C:\Windows\SysWOW64;C:\Windows\System32\DriverStore\FileRepository\nvmdig.inf_amd64_6444f5939bb26330

VM Arguments:
jvm_args: -javaagent:C:\Program Files\JetBrains\IntelliJ IDEA 2023.2\lib\idea_rt.jar=52294:C:\Program Files\JetBrains\IntelliJ IDEA 2023.2\bin -Dfile.encoding=UTF-8 -Dsun.stdout.encoding=UTF-8 -Dsun.stderr.encoding=UTF-8 
java_command: Cours2.Demo_JFrame
java_class_path (initial): C:\Users\6239207\OneDrive - Cegep de Lanaudiere\1ere Session - Automne 2023\Programmation 1\ProgChap4\out\production\ProgChap4
Launcher Type: SUN_STANDARD

[Global flags]
     intx CICompilerCount                          = 12                                        {product} {ergonomic}
     uint ConcGCThreads                            = 4                                         {product} {ergonomic}
     uint G1ConcRefinementThreads                  = 15                                        {product} {ergonomic}
   size_t G1HeapRegionSize                         = 4194304                                   {product} {ergonomic}
    uintx GCDrainStackTargetSize                   = 64                                        {product} {ergonomic}
   size_t InitialHeapSize                          = 532676608                                 {product} {ergonomic}
   size_t MarkStackSize                            = 4194304                                   {product} {ergonomic}
   size_t MaxHeapSize                              = 8518631424                                {product} {ergonomic}
   size_t MaxNewSize                               = 5108662272                                {product} {ergonomic}
   size_t MinHeapDeltaBytes                        = 4194304                                   {product} {ergonomic}
   size_t MinHeapSize                              = 8388608                                   {product} {ergonomic}
    uintx NonNMethodCodeHeapSize                   = 7602480                                {pd product} {ergonomic}
    uintx NonProfiledCodeHeapSize                  = 122027880                              {pd product} {ergonomic}
    uintx ProfiledCodeHeapSize                     = 122027880                              {pd product} {ergonomic}
    uintx ReservedCodeCacheSize                    = 251658240                              {pd product} {ergonomic}
     bool SegmentedCodeCache                       = true                                      {product} {ergonomic}
   size_t SoftMaxHeapSize                          = 8518631424                             {manageable} {ergonomic}
     bool UseCompressedClassPointers               = true                           {product lp64_product} {ergonomic}
     bool UseCompressedOops                        = true                           {product lp64_product} {ergonomic}
     bool UseG1GC                                  = true                                      {product} {ergonomic}
     bool UseLargePagesIndividualAllocation        = false                                  {pd product} {ergonomic}

Logging:
Log output configuration:
 #0: stdout all=warning uptime,level,tags foldmultilines=false
 #1: stderr all=off uptime,level,tags foldmultilines=false

Environment Variables:
PATH=C:\Program Files\Python311\Scripts\;C:\Program Files\Python311\;C:\Program Files\Common Files\Oracle\Java\javapath;C:\Windows\system32;C:\Windows;C:\Windows\System32\Wbem;C:\Windows\System32\WindowsPowerShell\v1.0\;C:\Windows\System32\OpenSSH\;C:\Program Files\Docker\Docker\resources\bin;C:\Program Files\nodejs\;C:\Program Files\Microsoft SQL Server\150\Tools\Binn\;C:\Program Files\Microsoft SQL Server\Client SDK\ODBC\170\Tools\Binn\;C:\Program Files\dotnet\;C:\Program Files\Microsoft VS Code\bin;C:\Program Files\Git\cmd;C:\Program Files (x86)\NVIDIA Corporation\PhysX\Common;C:\Program Files\PowerShell\7\;C:\Users\6239207\AppData\Local\Microsoft\WindowsApps;
USERNAME=6239207
OS=Windows_NT
PROCESSOR_IDENTIFIER=Intel64 Family 6 Model 165 Stepping 5, GenuineIntel
TMP=C:\Users\6239207\AppData\Local\Temp
TEMP=C:\Users\6239207\AppData\Local\Temp




---------------  S Y S T E M  ---------------

OS:
 Windows 10 , 64 bit Build 19041 (10.0.19041.3393)
OS uptime: 0 days 3:56 hours
Hyper-V role detected

CPU: total 20 (initial active 20) (10 cores per cpu, 2 threads per core) family 6 model 165 stepping 5 microcode 0xec, cx8, cmov, fxsr, ht, mmx, 3dnowpref, sse, sse2, sse3, ssse3, sse4.1, sse4.2, popcnt, lzcnt, tsc, tscinvbit, avx, avx2, aes, erms, clmul, bmi1, bmi2, adx, fma, vzeroupper, clflush, clflushopt, hv, rdtscp, f16c

Memory: 4k page, system-wide physical 32485M (419M free)
TotalPageFile size 92088M (AvailPageFile size 0M)
current process WorkingSet (physical memory assigned to process): 532M, peak: 3375M
current process commit charge ("private bytes"): 18806M, peak: 18910M

vm_info: Java HotSpot(TM) 64-Bit Server VM (20.0.1+9-29) for windows-amd64 JRE (20.0.1+9-29), built on 2023-03-07T13:56:11Z by "mach5one" with MS VC++ 17.1 (VS2022)

END.
